<?xml version="1.0" encoding="UTF-8"?>
<!-- Generated by org.testng.reporters.JUnitReportReporter -->
<testsuite hostname="DESKTOP-M77L0PS" failures="0" tests="1" name="ohhh.Product" time="2.352" errors="0" timestamp="2021-11-08T16:30:26 ICT" skipped="0">
  <testcase classname="ohhh.Product" name="Product" time="2.352"/>
  <system-out/>
</testsuite> <!-- ohhh.Product -->
