<?xml version="1.0" encoding="UTF-8"?>
<!-- Generated by org.testng.reporters.JUnitReportReporter -->
<testsuite hostname="DESKTOP-M77L0PS" failures="0" tests="1" name="Testcase.Introduce" time="3.448" errors="0" timestamp="2021-11-18T14:53:14 ICT" skipped="0">
  <testcase classname="Testcase.Introduce" name="Introduce" time="3.448"/>
  <system-out/>
</testsuite> <!-- Testcase.Introduce -->
