<?xml version="1.0" encoding="UTF-8"?>
<!-- Generated by org.testng.reporters.JUnitReportReporter -->
<testsuite hostname="DESKTOP-M77L0PS" failures="0" tests="1" name="Page.Franchise" time="7.707" errors="0" timestamp="2021-11-16T15:36:44 ICT" skipped="0">
  <testcase classname="Page.Franchise" name="Franchise" time="7.707"/>
  <system-out/>
</testsuite> <!-- Page.Franchise -->
