<?xml version="1.0" encoding="UTF-8"?>
<!-- Generated by org.testng.reporters.JUnitReportReporter -->
<testsuite hostname="DESKTOP-M77L0PS" failures="0" tests="3" name="Page.Register" time="7.903" errors="0" timestamp="2021-11-10T15:46:25 ICT" skipped="0">
  <testcase classname="Page.Register" name="CheckRegister" time="3.287"/>
  <system-out/>
  <testcase classname="Page.Register" name="CheckRegisterPassword" time="1.664"/>
  <system-out/>
  <testcase classname="Page.Register" name="Register" time="2.952"/>
  <system-out/>
</testsuite> <!-- Page.Register -->
