<?xml version="1.0" encoding="UTF-8"?>
<!-- Generated by org.testng.reporters.JUnitReportReporter -->
<testsuite hostname="DESKTOP-M77L0PS" failures="0" tests="3" name="ohhh.Login" time="11.214" errors="0" timestamp="2021-11-06T08:28:21 ICT" skipped="0">
  <testcase classname="ohhh.Login" name="CheckLoginPhoneFail" time="4.387"/>
  <system-out/>
  <testcase classname="ohhh.Login" name="CheckLoginPassword" time="3.441"/>
  <system-out/>
  <testcase classname="ohhh.Login" name="Login" time="3.386"/>
  <system-out/>
</testsuite> <!-- ohhh.Login -->
