<?xml version="1.0" encoding="UTF-8"?>
<!-- Generated by org.testng.reporters.JUnitReportReporter -->
<testsuite hostname="DESKTOP-M77L0PS" failures="0" tests="1" name="Testcase.Recruitment" time="4.524" errors="0" timestamp="2021-11-18T15:06:56 ICT" skipped="0">
  <testcase classname="Testcase.Recruitment" name="Recruit" time="4.524"/>
  <system-out/>
</testsuite> <!-- Testcase.Recruitment -->
