<?xml version="1.0" encoding="UTF-8"?>
<!-- Generated by org.testng.reporters.JUnitReportReporter -->
<testsuite hostname="DESKTOP-M77L0PS" failures="0" tests="1" name="Page.Search" time="3.190" errors="0" timestamp="2021-11-10T08:19:02 ICT" skipped="0">
  <testcase classname="Page.Search" name="Search" time="3.190"/>
  <system-out/>
</testsuite> <!-- Page.Search -->
