<?xml version="1.0" encoding="UTF-8"?>
<!-- Generated by org.testng.reporters.JUnitReportReporter -->
<testsuite hostname="DESKTOP-M77L0PS" failures="0" tests="3" name="Testcase.Register" time="7.840" errors="0" timestamp="2021-11-19T20:48:51 ICT" skipped="0">
  <testcase classname="Testcase.Register" name="CheckRegister" time="3.663"/>
  <system-out/>
  <testcase classname="Testcase.Register" name="CheckRegisterPassword" time="2.072"/>
  <system-out/>
  <testcase classname="Testcase.Register" name="Register" time="2.105"/>
  <system-out/>
</testsuite> <!-- Testcase.Register -->
