<?xml version="1.0" encoding="UTF-8"?>
<!-- Generated by org.testng.reporters.JUnitReportReporter -->
<testsuite hostname="DESKTOP-M77L0PS" failures="0" tests="1" name="ohhh.Category" time="2.136" errors="0" timestamp="2021-11-06T09:43:21 ICT" skipped="0">
  <testcase classname="ohhh.Category" name="Category" time="2.136"/>
  <system-out/>
</testsuite> <!-- ohhh.Category -->
