<?xml version="1.0" encoding="UTF-8"?>
<!-- Generated by org.testng.reporters.JUnitReportReporter -->
<testsuite hostname="DESKTOP-M77L0PS" failures="0" tests="1" name="ohhh.Store" time="3.195" errors="0" timestamp="2021-11-06T10:09:08 ICT" skipped="0">
  <testcase classname="ohhh.Store" name="Store" time="3.195"/>
  <system-out/>
</testsuite> <!-- ohhh.Store -->
