<?xml version="1.0" encoding="UTF-8"?>
<!-- Generated by org.testng.reporters.JUnitReportReporter -->
<testsuite hostname="DESKTOP-M77L0PS" failures="0" tests="1" name="ohhh.Productss" time="2.278" errors="0" timestamp="2021-11-09T08:49:36 ICT" skipped="0">
  <testcase classname="ohhh.Productss" name="Productss" time="2.278"/>
  <system-out/>
</testsuite> <!-- ohhh.Productss -->
