<?xml version="1.0" encoding="UTF-8"?>
<!-- Generated by org.testng.reporters.JUnitReportReporter -->
<testsuite hostname="DESKTOP-M77L0PS" failures="0" tests="1" name="Page.Recruitment" time="8.983" errors="0" timestamp="2021-11-16T15:30:41 ICT" skipped="0">
  <testcase classname="Page.Recruitment" name="Recruit" time="8.983"/>
  <system-out/>
</testsuite> <!-- Page.Recruitment -->
