<?xml version="1.0" encoding="UTF-8"?>
<!-- Generated by org.testng.reporters.JUnitReportReporter -->
<testsuite hostname="DESKTOP-M77L0PS" failures="0" tests="1" name="w8.TestLoginPF" time="1.449" errors="0" timestamp="2021-10-30T11:18:34 ICT" skipped="0">
  <testcase classname="w8.TestLoginPF" name="test_Home_Page_Appear_Correct" time="1.449"/>
  <system-out/>
</testsuite> <!-- w8.TestLoginPF -->
