<?xml version="1.0" encoding="UTF-8"?>
<!-- Generated by org.testng.reporters.JUnitReportReporter -->
<testsuite hostname="DESKTOP-M77L0PS" failures="0" tests="1" name="ohhh.News" time="5.985" errors="0" timestamp="2021-11-06T10:22:30 ICT" skipped="0">
  <testcase classname="ohhh.News" name="News" time="5.985"/>
  <system-out/>
</testsuite> <!-- ohhh.News -->
