<?xml version="1.0" encoding="UTF-8"?>
<!-- Generated by org.testng.reporters.JUnitReportReporter -->
<testsuite hostname="DESKTOP-M77L0PS" failures="0" tests="1" name="Testcase.Category" time="1.883" errors="0" timestamp="2021-11-19T21:12:13 ICT" skipped="0">
  <testcase classname="Testcase.Category" name="Category" time="1.883"/>
  <system-out/>
</testsuite> <!-- Testcase.Category -->
