<?xml version="1.0" encoding="UTF-8"?>
<!-- Generated by org.testng.reporters.JUnitReportReporter -->
<testsuite hostname="DESKTOP-M77L0PS" failures="0" tests="1" name="Testcase.Search" time="3.863" errors="0" timestamp="2021-11-17T23:25:24 ICT" skipped="0">
  <testcase classname="Testcase.Search" name="Search" time="3.863"/>
  <system-out/>
</testsuite> <!-- Testcase.Search -->
