<?xml version="1.0" encoding="UTF-8"?>
<!-- Generated by org.testng.reporters.JUnitReportReporter -->
<testsuite hostname="DESKTOP-M77L0PS" failures="0" tests="1" name="Page.News" time="8.090" errors="0" timestamp="2021-11-16T09:31:11 ICT" skipped="0">
  <testcase classname="Page.News" name="News" time="8.090"/>
  <system-out/>
</testsuite> <!-- Page.News -->
