<?xml version="1.0" encoding="UTF-8"?>
<!-- Generated by org.testng.reporters.JUnitReportReporter -->
<testsuite hostname="DESKTOP-M77L0PS" failures="0" tests="1" name="ohhh.Test1" time="2.279" errors="0" timestamp="2021-10-22T07:58:23 ICT" skipped="0">
  <testcase classname="ohhh.Test1" name="Category" time="2.279"/>
  <system-out/>
</testsuite> <!-- ohhh.Test1 -->
