<?xml version="1.0" encoding="UTF-8"?>
<!-- Generated by org.testng.reporters.JUnitReportReporter -->
<testsuite hostname="DESKTOP-M77L0PS" failures="0" tests="1" name="Page.Checkout" time="1.164" errors="0" timestamp="2021-11-16T09:41:24 ICT" skipped="0">
  <testcase classname="Page.Checkout" name="CheckOut" time="1.164"/>
  <system-out/>
</testsuite> <!-- Page.Checkout -->
