<?xml version="1.0" encoding="UTF-8"?>
<!-- Generated by org.testng.reporters.JUnitReportReporter -->
<testsuite hostname="DESKTOP-M77L0PS" failures="0" tests="1" name="Page.Product" time="3.496" errors="0" timestamp="2021-11-10T09:48:12 ICT" skipped="0">
  <testcase classname="Page.Product" name="Product" time="3.496"/>
  <system-out/>
</testsuite> <!-- Page.Product -->
