<?xml version="1.0" encoding="UTF-8"?>
<!-- Generated by org.testng.reporters.JUnitReportReporter -->
<testsuite hostname="DESKTOP-M77L0PS" failures="0" tests="1" name="w8.TestLogin" time="1.650" errors="0" timestamp="2021-10-30T10:54:12 ICT" skipped="0">
  <testcase classname="w8.TestLogin" name="testHomePage" time="1.650"/>
  <system-out/>
</testsuite> <!-- w8.TestLogin -->
