<?xml version="1.0" encoding="UTF-8"?>
<!-- Generated by org.testng.reporters.JUnitReportReporter -->
<testsuite hostname="DESKTOP-M77L0PS" failures="0" tests="1" name="Page.Introduce" time="3.002" errors="0" timestamp="2021-11-16T09:36:51 ICT" skipped="0">
  <testcase classname="Page.Introduce" name="Introduce" time="3.002"/>
  <system-out/>
</testsuite> <!-- Page.Introduce -->
