<?xml version="1.0" encoding="UTF-8"?>
<!-- Generated by org.testng.reporters.JUnitReportReporter -->
<testsuite hostname="DESKTOP-M77L0PS" failures="0" tests="1" name="Testcase.News" time="4.516" errors="0" timestamp="2021-11-18T15:08:55 ICT" skipped="0">
  <testcase classname="Testcase.News" name="News" time="4.516"/>
  <system-out/>
</testsuite> <!-- Testcase.News -->
