<?xml version="1.0" encoding="UTF-8"?>
<!-- Generated by org.testng.reporters.JUnitReportReporter -->
<testsuite hostname="DESKTOP-M77L0PS" failures="0" tests="3" name="Testcase.Login" time="12.728" errors="0" timestamp="2021-11-19T19:55:30 ICT" skipped="0">
  <testcase classname="Testcase.Login" name="CheckLoginPhoneFail" time="4.519"/>
  <system-out/>
  <testcase classname="Testcase.Login" name="CheckLoginPassword" time="3.258"/>
  <system-out/>
  <testcase classname="Testcase.Login" name="Login" time="4.951"/>
  <system-out/>
</testsuite> <!-- Testcase.Login -->
