<?xml version="1.0" encoding="UTF-8"?>
<!-- Generated by org.testng.reporters.JUnitReportReporter -->
<testsuite hostname="DESKTOP-M77L0PS" failures="0" tests="6" name="Page.Productss" time="34.686" errors="0" timestamp="2021-11-16T15:15:47 ICT" skipped="0">
  <testcase classname="Page.Productss" name="Productss" time="13.312"/>
  <system-out/>
  <testcase classname="Page.Productss" name="Outproduct" time="5.066"/>
  <system-out/>
  <testcase classname="Page.Productss" name="Increase" time="5.067"/>
  <system-out/>
  <testcase classname="Page.Productss" name="Decrease" time="5.059"/>
  <system-out/>
  <testcase classname="Page.Productss" name="ClickCheckOut" time="2.416"/>
  <system-out/>
  <testcase classname="Page.Productss" name="Checkout" time="3.766"/>
  <system-out/>
</testsuite> <!-- Page.Productss -->
